<?xml version="1.0" encoding="UTF-8"?>
<coverage generated="1485735738397" clover="3.2.0">
  <project timestamp="1485735738397" name="All files">
    <metrics statements="53" coveredstatements="53" conditionals="33" coveredconditionals="33" methods="18" coveredmethods="18" elements="104" coveredelements="104" complexity="0" loc="53" ncloc="53" packages="1" files="5" classes="5">
      <file name="index.js" path="/Users/devon-church/Documents/projects/corn-chips/src/index.js">
        <metrics statements="4" coveredstatements="4" conditionals="0" coveredconditionals="0" methods="0" coveredmethods="0"/>
        <line num="1" count="3" type="stmt"/>
        <line num="2" count="3" type="stmt"/>
        <line num="3" count="3" type="stmt"/>
        <line num="5" count="3" type="stmt"/>
      </file>
      <file name="number.js" path="/Users/devon-church/Documents/projects/corn-chips/src/number.js">
        <metrics statements="11" coveredstatements="11" conditionals="13" coveredconditionals="13" methods="3" coveredmethods="3"/>
        <line num="1" count="3" type="stmt"/>
        <line num="5" count="1" type="stmt"/>
        <line num="6" count="1" type="stmt"/>
        <line num="8" count="1" type="stmt"/>
        <line num="14" count="60" type="stmt"/>
        <line num="16" count="60" type="stmt"/>
        <line num="17" count="59" type="stmt"/>
        <line num="19" count="58" type="stmt"/>
        <line num="20" count="58" type="stmt"/>
        <line num="22" count="58" type="stmt"/>
        <line num="26" count="3" type="stmt"/>
      </file>
      <file name="tags.js" path="/Users/devon-church/Documents/projects/corn-chips/src/tags.js">
        <metrics statements="17" coveredstatements="17" conditionals="9" coveredconditionals="9" methods="7" coveredmethods="7"/>
        <line num="1" count="3" type="stmt"/>
        <line num="2" count="3" type="stmt"/>
        <line num="6" count="15" type="stmt"/>
        <line num="12" count="2" type="stmt"/>
        <line num="14" count="2" type="stmt"/>
        <line num="16" count="15" type="stmt"/>
        <line num="18" count="15" type="stmt"/>
        <line num="23" count="15" type="stmt"/>
        <line num="31" count="20" type="stmt"/>
        <line num="37" count="5" type="stmt"/>
        <line num="38" count="4" type="stmt"/>
        <line num="39" count="3" type="stmt"/>
        <line num="41" count="2" type="stmt"/>
        <line num="42" count="2" type="stmt"/>
        <line num="43" count="2" type="stmt"/>
        <line num="45" count="2" type="stmt"/>
        <line num="49" count="3" type="stmt"/>
      </file>
      <file name="text.js" path="/Users/devon-church/Documents/projects/corn-chips/src/text.js">
        <metrics statements="19" coveredstatements="19" conditionals="11" coveredconditionals="11" methods="7" coveredmethods="7"/>
        <line num="1" count="3" type="stmt"/>
        <line num="2" count="3" type="stmt"/>
        <line num="4" count="3" type="stmt"/>
        <line num="5" count="3" type="stmt"/>
        <line num="9" count="2" type="stmt"/>
        <line num="10" count="2" type="stmt"/>
        <line num="12" count="2" type="stmt"/>
        <line num="18" count="6" type="stmt"/>
        <line num="20" count="36" type="stmt"/>
        <line num="22" count="36" type="stmt"/>
        <line num="30" count="1" type="stmt"/>
        <line num="32" count="5" type="stmt"/>
        <line num="34" count="5" type="stmt"/>
        <line num="42" count="4" type="stmt"/>
        <line num="44" count="4" type="stmt"/>
        <line num="45" count="3" type="stmt"/>
        <line num="47" count="2" type="stmt"/>
        <line num="49" count="2" type="stmt"/>
        <line num="53" count="3" type="stmt"/>
      </file>
      <file name="warn.js" path="/Users/devon-church/Documents/projects/corn-chips/src/warn.js">
        <metrics statements="2" coveredstatements="2" conditionals="0" coveredconditionals="0" methods="1" coveredmethods="1"/>
        <line num="3" count="7" type="stmt"/>
        <line num="7" count="3" type="stmt"/>
      </file>
    </metrics>
  </project>
</coverage>
