<?xml version="1.0" encoding="UTF-8"?>
<coverage generated="1487923350214" clover="3.2.0">
  <project timestamp="1487923350214" name="All files">
    <metrics statements="68" coveredstatements="68" conditionals="41" coveredconditionals="41" methods="21" coveredmethods="21" elements="130" coveredelements="130" complexity="0" loc="68" ncloc="68" packages="1" files="6" classes="6">
      <file name="enrich.js" path="/Users/devon-church/Documents/projects/corn-chips/src/enrich.js">
        <metrics statements="15" coveredstatements="15" conditionals="8" coveredconditionals="8" methods="2" coveredmethods="2"/>
        <line num="1" count="4" type="stmt"/>
        <line num="2" count="4" type="stmt"/>
        <line num="3" count="4" type="stmt"/>
        <line num="4" count="4" type="stmt"/>
        <line num="8" count="1" type="stmt"/>
        <line num="13" count="1" type="stmt"/>
        <line num="22" count="4" type="stmt"/>
        <line num="23" count="3" type="stmt"/>
        <line num="25" count="1" type="stmt"/>
        <line num="26" count="1" type="stmt"/>
        <line num="27" count="1" type="stmt"/>
        <line num="28" count="1" type="stmt"/>
        <line num="29" count="1" type="stmt"/>
        <line num="31" count="1" type="stmt"/>
        <line num="35" count="4" type="stmt"/>
      </file>
      <file name="index.js" path="/Users/devon-church/Documents/projects/corn-chips/src/index.js">
        <metrics statements="5" coveredstatements="5" conditionals="0" coveredconditionals="0" methods="0" coveredmethods="0"/>
        <line num="1" count="4" type="stmt"/>
        <line num="2" count="4" type="stmt"/>
        <line num="3" count="4" type="stmt"/>
        <line num="4" count="4" type="stmt"/>
        <line num="6" count="4" type="stmt"/>
      </file>
      <file name="number.js" path="/Users/devon-church/Documents/projects/corn-chips/src/number.js">
        <metrics statements="11" coveredstatements="11" conditionals="13" coveredconditionals="13" methods="3" coveredmethods="3"/>
        <line num="1" count="4" type="stmt"/>
        <line num="5" count="1" type="stmt"/>
        <line num="6" count="1" type="stmt"/>
        <line num="8" count="1" type="stmt"/>
        <line num="14" count="69" type="stmt"/>
        <line num="16" count="69" type="stmt"/>
        <line num="17" count="68" type="stmt"/>
        <line num="19" count="67" type="stmt"/>
        <line num="20" count="67" type="stmt"/>
        <line num="22" count="67" type="stmt"/>
        <line num="26" count="4" type="stmt"/>
      </file>
      <file name="tags.js" path="/Users/devon-church/Documents/projects/corn-chips/src/tags.js">
        <metrics statements="16" coveredstatements="16" conditionals="9" coveredconditionals="9" methods="8" coveredmethods="8"/>
        <line num="1" count="4" type="stmt"/>
        <line num="2" count="4" type="stmt"/>
        <line num="6" count="26" type="stmt"/>
        <line num="12" count="4" type="stmt"/>
        <line num="19" count="26" type="stmt"/>
        <line num="21" count="26" type="stmt"/>
        <line num="31" count="26" type="stmt"/>
        <line num="37" count="33" type="stmt"/>
        <line num="43" count="7" type="stmt"/>
        <line num="44" count="6" type="stmt"/>
        <line num="45" count="5" type="stmt"/>
        <line num="47" count="4" type="stmt"/>
        <line num="48" count="4" type="stmt"/>
        <line num="49" count="4" type="stmt"/>
        <line num="51" count="4" type="stmt"/>
        <line num="55" count="4" type="stmt"/>
      </file>
      <file name="text.js" path="/Users/devon-church/Documents/projects/corn-chips/src/text.js">
        <metrics statements="19" coveredstatements="19" conditionals="11" coveredconditionals="11" methods="7" coveredmethods="7"/>
        <line num="1" count="4" type="stmt"/>
        <line num="2" count="4" type="stmt"/>
        <line num="4" count="4" type="stmt"/>
        <line num="5" count="4" type="stmt"/>
        <line num="9" count="3" type="stmt"/>
        <line num="10" count="3" type="stmt"/>
        <line num="12" count="3" type="stmt"/>
        <line num="18" count="6" type="stmt"/>
        <line num="20" count="33" type="stmt"/>
        <line num="22" count="33" type="stmt"/>
        <line num="30" count="1" type="stmt"/>
        <line num="32" count="5" type="stmt"/>
        <line num="34" count="5" type="stmt"/>
        <line num="42" count="4" type="stmt"/>
        <line num="44" count="4" type="stmt"/>
        <line num="45" count="3" type="stmt"/>
        <line num="47" count="2" type="stmt"/>
        <line num="49" count="2" type="stmt"/>
        <line num="53" count="4" type="stmt"/>
      </file>
      <file name="warn.js" path="/Users/devon-church/Documents/projects/corn-chips/src/warn.js">
        <metrics statements="2" coveredstatements="2" conditionals="0" coveredconditionals="0" methods="1" coveredmethods="1"/>
        <line num="3" count="10" type="stmt"/>
        <line num="7" count="4" type="stmt"/>
      </file>
    </metrics>
  </project>
</coverage>
