{"/Users/devon-church/Documents/projects/corn-chips/src/index.js": {"path":"/Users/devon-church/Documents/projects/corn-chips/src/index.js","statementMap":{"0":{"start":{"line":1,"column":21},"end":{"line":1,"column":40}},"1":{"start":{"line":2,"column":19},"end":{"line":2,"column":36}},"2":{"start":{"line":3,"column":19},"end":{"line":3,"column":36}},"3":{"start":{"line":5,"column":0},"end":{"line":9,"column":2}}},"fnMap":{},"branchMap":{},"s":{"0":3,"1":3,"2":3,"3":3},"f":{},"b":{},"_coverageSchema":"332fd63041d2c1bcb487cc26dd0d5f7d97098a6c","hash":"414c06787643ff0cf8d052fb7ccef49d27c75b6b"}
,"/Users/devon-church/Documents/projects/corn-chips/src/number.js": {"path":"/Users/devon-church/Documents/projects/corn-chips/src/number.js","statementMap":{"0":{"start":{"line":1,"column":21},"end":{"line":1,"column":38}},"1":{"start":{"line":5,"column":20},"end":{"line":5,"column":63}},"2":{"start":{"line":6,"column":21},"end":{"line":6,"column":61}},"3":{"start":{"line":8,"column":1},"end":{"line":8,"column":41}},"4":{"start":{"line":14,"column":27},"end":{"line":14,"column":82}},"5":{"start":{"line":14,"column":33},"end":{"line":14,"column":82}},"6":{"start":{"line":16,"column":1},"end":{"line":16,"column":103}},"7":{"start":{"line":16,"column":25},"end":{"line":16,"column":103}},"8":{"start":{"line":17,"column":1},"end":{"line":17,"column":110}},"9":{"start":{"line":17,"column":16},"end":{"line":17,"column":110}},"10":{"start":{"line":19,"column":22},"end":{"line":19,"column":61}},"11":{"start":{"line":20,"column":23},"end":{"line":20,"column":47}},"12":{"start":{"line":22,"column":1},"end":{"line":22,"column":63}},"13":{"start":{"line":26,"column":0},"end":{"line":26,"column":26}}},"fnMap":{"0":{"name":"padOutNumber","decl":{"start":{"line":3,"column":9},"end":{"line":3,"column":21}},"loc":{"start":{"line":3,"column":42},"end":{"line":10,"column":1}}},"1":{"name":"generate","decl":{"start":{"line":12,"column":9},"end":{"line":12,"column":17}},"loc":{"start":{"line":12,"column":54},"end":{"line":24,"column":1}}},"2":{"name":"(anonymous_2)","decl":{"start":{"line":14,"column":27},"end":{"line":14,"column":28}},"loc":{"start":{"line":14,"column":33},"end":{"line":14,"column":82}}}},"branchMap":{"0":{"loc":{"start":{"line":12,"column":18},"end":{"line":12,"column":52}},"type":"default-arg","locations":[{"start":{"line":12,"column":50},"end":{"line":12,"column":52}}]},"1":{"loc":{"start":{"line":12,"column":20},"end":{"line":12,"column":27}},"type":"default-arg","locations":[{"start":{"line":12,"column":26},"end":{"line":12,"column":27}}]},"2":{"loc":{"start":{"line":12,"column":34},"end":{"line":12,"column":45}},"type":"default-arg","locations":[{"start":{"line":12,"column":40},"end":{"line":12,"column":45}}]},"3":{"loc":{"start":{"line":14,"column":58},"end":{"line":14,"column":79}},"type":"binary-expr","locations":[{"start":{"line":14,"column":58},"end":{"line":14,"column":61}},{"start":{"line":14,"column":65},"end":{"line":14,"column":79}}]},"4":{"loc":{"start":{"line":16,"column":1},"end":{"line":16,"column":103}},"type":"if","locations":[{"start":{"line":16,"column":1},"end":{"line":16,"column":103}},{"start":{"line":16,"column":1},"end":{"line":16,"column":103}}]},"5":{"loc":{"start":{"line":16,"column":5},"end":{"line":16,"column":23}},"type":"binary-expr","locations":[{"start":{"line":16,"column":5},"end":{"line":16,"column":9}},{"start":{"line":16,"column":13},"end":{"line":16,"column":23}}]},"6":{"loc":{"start":{"line":17,"column":1},"end":{"line":17,"column":110}},"type":"if","locations":[{"start":{"line":17,"column":1},"end":{"line":17,"column":110}},{"start":{"line":17,"column":1},"end":{"line":17,"column":110}}]},"7":{"loc":{"start":{"line":22,"column":8},"end":{"line":22,"column":62}},"type":"cond-expr","locations":[{"start":{"line":22,"column":14},"end":{"line":22,"column":46}},{"start":{"line":22,"column":49},"end":{"line":22,"column":62}}]}},"s":{"0":3,"1":1,"2":1,"3":1,"4":60,"5":2,"6":60,"7":1,"8":59,"9":1,"10":58,"11":58,"12":58,"13":3},"f":{"0":1,"1":60,"2":2},"b":{"0":[1],"1":[54],"2":[59],"3":[2,2],"4":[1,59],"5":[60,2],"6":[1,58],"7":[1,57]},"_coverageSchema":"332fd63041d2c1bcb487cc26dd0d5f7d97098a6c","hash":"b32236134ce711489ca75cbb48e8a7a8cb796787"}
,"/Users/devon-church/Documents/projects/corn-chips/src/tags.js": {"path":"/Users/devon-church/Documents/projects/corn-chips/src/tags.js","statementMap":{"0":{"start":{"line":1,"column":23},"end":{"line":1,"column":42}},"1":{"start":{"line":2,"column":21},"end":{"line":2,"column":38}},"2":{"start":{"line":6,"column":1},"end":{"line":6,"column":47}},"3":{"start":{"line":6,"column":34},"end":{"line":6,"column":45}},"4":{"start":{"line":12,"column":24},"end":{"line":12,"column":36}},"5":{"start":{"line":14,"column":1},"end":{"line":25,"column":4}},"6":{"start":{"line":16,"column":22},"end":{"line":16,"column":70}},"7":{"start":{"line":18,"column":2},"end":{"line":21,"column":4}},"8":{"start":{"line":23,"column":2},"end":{"line":23,"column":21}},"9":{"start":{"line":31,"column":1},"end":{"line":31,"column":56}},"10":{"start":{"line":31,"column":53},"end":{"line":31,"column":54}},"11":{"start":{"line":37,"column":1},"end":{"line":37,"column":117}},"12":{"start":{"line":37,"column":27},"end":{"line":37,"column":117}},"13":{"start":{"line":38,"column":1},"end":{"line":38,"column":112}},"14":{"start":{"line":38,"column":19},"end":{"line":38,"column":112}},"15":{"start":{"line":39,"column":1},"end":{"line":39,"column":150}},"16":{"start":{"line":39,"column":29},"end":{"line":39,"column":150}},"17":{"start":{"line":41,"column":22},"end":{"line":41,"column":48}},"18":{"start":{"line":42,"column":22},"end":{"line":42,"column":66}},"19":{"start":{"line":43,"column":21},"end":{"line":43,"column":60}},"20":{"start":{"line":45,"column":1},"end":{"line":45,"column":20}},"21":{"start":{"line":49,"column":0},"end":{"line":49,"column":26}}},"fnMap":{"0":{"name":"generateRefinedTags","decl":{"start":{"line":4,"column":9},"end":{"line":4,"column":28}},"loc":{"start":{"line":4,"column":49},"end":{"line":8,"column":1}}},"1":{"name":"(anonymous_1)","decl":{"start":{"line":6,"column":25},"end":{"line":6,"column":26}},"loc":{"start":{"line":6,"column":34},"end":{"line":6,"column":45}}},"2":{"name":"generateRefinedIndex","decl":{"start":{"line":10,"column":9},"end":{"line":10,"column":29}},"loc":{"start":{"line":10,"column":54},"end":{"line":27,"column":1}}},"3":{"name":"(anonymous_3)","decl":{"start":{"line":14,"column":40},"end":{"line":14,"column":41}},"loc":{"start":{"line":14,"column":46},"end":{"line":25,"column":2}}},"4":{"name":"generateIndexOptions","decl":{"start":{"line":29,"column":9},"end":{"line":29,"column":29}},"loc":{"start":{"line":29,"column":36},"end":{"line":33,"column":1}}},"5":{"name":"(anonymous_5)","decl":{"start":{"line":31,"column":43},"end":{"line":31,"column":44}},"loc":{"start":{"line":31,"column":53},"end":{"line":31,"column":54}}},"6":{"name":"generate","decl":{"start":{"line":35,"column":9},"end":{"line":35,"column":17}},"loc":{"start":{"line":35,"column":62},"end":{"line":47,"column":1}}}},"branchMap":{"0":{"loc":{"start":{"line":35,"column":18},"end":{"line":35,"column":60}},"type":"default-arg","locations":[{"start":{"line":35,"column":58},"end":{"line":35,"column":60}}]},"1":{"loc":{"start":{"line":35,"column":20},"end":{"line":35,"column":29}},"type":"default-arg","locations":[{"start":{"line":35,"column":27},"end":{"line":35,"column":29}}]},"2":{"loc":{"start":{"line":35,"column":31},"end":{"line":35,"column":53}},"type":"default-arg","locations":[{"start":{"line":35,"column":42},"end":{"line":35,"column":53}}]},"3":{"loc":{"start":{"line":37,"column":1},"end":{"line":37,"column":117}},"type":"if","locations":[{"start":{"line":37,"column":1},"end":{"line":37,"column":117}},{"start":{"line":37,"column":1},"end":{"line":37,"column":117}}]},"4":{"loc":{"start":{"line":38,"column":1},"end":{"line":38,"column":112}},"type":"if","locations":[{"start":{"line":38,"column":1},"end":{"line":38,"column":112}},{"start":{"line":38,"column":1},"end":{"line":38,"column":112}}]},"5":{"loc":{"start":{"line":39,"column":1},"end":{"line":39,"column":150}},"type":"if","locations":[{"start":{"line":39,"column":1},"end":{"line":39,"column":150}},{"start":{"line":39,"column":1},"end":{"line":39,"column":150}}]}},"s":{"0":3,"1":3,"2":2,"3":15,"4":2,"5":2,"6":15,"7":15,"8":15,"9":2,"10":20,"11":5,"12":1,"13":4,"14":1,"15":3,"16":1,"17":2,"18":2,"19":2,"20":2,"21":3},"f":{"0":2,"1":15,"2":2,"3":15,"4":2,"5":20,"6":5},"b":{"0":[1],"1":[1],"2":[3],"3":[1,4],"4":[1,3],"5":[1,2]},"_coverageSchema":"332fd63041d2c1bcb487cc26dd0d5f7d97098a6c","hash":"1e21517140488e469649e32e14c75b2616466b47"}
,"/Users/devon-church/Documents/projects/corn-chips/src/text.js": {"path":"/Users/devon-church/Documents/projects/corn-chips/src/text.js","statementMap":{"0":{"start":{"line":1,"column":23},"end":{"line":1,"column":42}},"1":{"start":{"line":2,"column":21},"end":{"line":2,"column":38}},"2":{"start":{"line":4,"column":19},"end":{"line":4,"column":37}},"3":{"start":{"line":5,"column":16},"end":{"line":5,"column":54}},"4":{"start":{"line":9,"column":21},"end":{"line":9,"column":52}},"5":{"start":{"line":10,"column":20},"end":{"line":10,"column":34}},"6":{"start":{"line":12,"column":1},"end":{"line":12,"column":38}},"7":{"start":{"line":18,"column":1},"end":{"line":24,"column":13}},"8":{"start":{"line":20,"column":16},"end":{"line":20,"column":59}},"9":{"start":{"line":22,"column":2},"end":{"line":22,"column":24}},"10":{"start":{"line":30,"column":1},"end":{"line":36,"column":14}},"11":{"start":{"line":32,"column":21},"end":{"line":32,"column":47}},"12":{"start":{"line":34,"column":2},"end":{"line":34,"column":40}},"13":{"start":{"line":42,"column":17},"end":{"line":42,"column":120}},"14":{"start":{"line":42,"column":26},"end":{"line":42,"column":120}},"15":{"start":{"line":44,"column":1},"end":{"line":44,"column":63}},"16":{"start":{"line":44,"column":28},"end":{"line":44,"column":63}},"17":{"start":{"line":45,"column":1},"end":{"line":45,"column":67}},"18":{"start":{"line":45,"column":26},"end":{"line":45,"column":67}},"19":{"start":{"line":47,"column":14},"end":{"line":47,"column":86}},"20":{"start":{"line":49,"column":1},"end":{"line":49,"column":36}},"21":{"start":{"line":53,"column":0},"end":{"line":53,"column":26}}},"fnMap":{"0":{"name":"capitaliseFirstLetter","decl":{"start":{"line":7,"column":9},"end":{"line":7,"column":30}},"loc":{"start":{"line":7,"column":37},"end":{"line":14,"column":1}}},"1":{"name":"generateCharacters","decl":{"start":{"line":16,"column":9},"end":{"line":16,"column":27}},"loc":{"start":{"line":16,"column":40},"end":{"line":26,"column":1}}},"2":{"name":"(anonymous_2)","decl":{"start":{"line":18,"column":43},"end":{"line":18,"column":44}},"loc":{"start":{"line":18,"column":49},"end":{"line":24,"column":2}}},"3":{"name":"generateWords","decl":{"start":{"line":28,"column":9},"end":{"line":28,"column":22}},"loc":{"start":{"line":28,"column":30},"end":{"line":38,"column":1}}},"4":{"name":"(anonymous_4)","decl":{"start":{"line":30,"column":38},"end":{"line":30,"column":39}},"loc":{"start":{"line":30,"column":44},"end":{"line":36,"column":2}}},"5":{"name":"generate","decl":{"start":{"line":40,"column":9},"end":{"line":40,"column":17}},"loc":{"start":{"line":40,"column":46},"end":{"line":51,"column":1}}},"6":{"name":"(anonymous_6)","decl":{"start":{"line":42,"column":17},"end":{"line":42,"column":18}},"loc":{"start":{"line":42,"column":26},"end":{"line":42,"column":120}}}},"branchMap":{"0":{"loc":{"start":{"line":40,"column":18},"end":{"line":40,"column":44}},"type":"default-arg","locations":[{"start":{"line":40,"column":42},"end":{"line":40,"column":44}}]},"1":{"loc":{"start":{"line":44,"column":1},"end":{"line":44,"column":63}},"type":"if","locations":[{"start":{"line":44,"column":1},"end":{"line":44,"column":63}},{"start":{"line":44,"column":1},"end":{"line":44,"column":63}}]},"2":{"loc":{"start":{"line":44,"column":5},"end":{"line":44,"column":26}},"type":"binary-expr","locations":[{"start":{"line":44,"column":5},"end":{"line":44,"column":16}},{"start":{"line":44,"column":20},"end":{"line":44,"column":26}}]},"3":{"loc":{"start":{"line":45,"column":1},"end":{"line":45,"column":67}},"type":"if","locations":[{"start":{"line":45,"column":1},"end":{"line":45,"column":67}},{"start":{"line":45,"column":1},"end":{"line":45,"column":67}}]},"4":{"loc":{"start":{"line":45,"column":5},"end":{"line":45,"column":24}},"type":"binary-expr","locations":[{"start":{"line":45,"column":5},"end":{"line":45,"column":15}},{"start":{"line":45,"column":19},"end":{"line":45,"column":24}}]},"5":{"loc":{"start":{"line":47,"column":14},"end":{"line":47,"column":86}},"type":"cond-expr","locations":[{"start":{"line":47,"column":27},"end":{"line":47,"column":57}},{"start":{"line":47,"column":60},"end":{"line":47,"column":86}}]}},"s":{"0":3,"1":3,"2":3,"3":3,"4":2,"5":2,"6":2,"7":6,"8":36,"9":36,"10":1,"11":5,"12":5,"13":4,"14":2,"15":4,"16":1,"17":3,"18":1,"19":2,"20":2,"21":3},"f":{"0":2,"1":6,"2":36,"3":1,"4":5,"5":4,"6":2},"b":{"0":[1],"1":[1,3],"2":[4,2],"3":[1,2],"4":[3,2],"5":[1,1]},"_coverageSchema":"332fd63041d2c1bcb487cc26dd0d5f7d97098a6c","hash":"17b1e383e44ad18438a318b227a1ef9ea0ef1b51"}
,"/Users/devon-church/Documents/projects/corn-chips/src/warn.js": {"path":"/Users/devon-church/Documents/projects/corn-chips/src/warn.js","statementMap":{"0":{"start":{"line":3,"column":1},"end":{"line":3,"column":24}},"1":{"start":{"line":7,"column":0},"end":{"line":7,"column":22}}},"fnMap":{"0":{"name":"warn","decl":{"start":{"line":1,"column":9},"end":{"line":1,"column":13}},"loc":{"start":{"line":1,"column":21},"end":{"line":5,"column":1}}}},"branchMap":{},"s":{"0":7,"1":3},"f":{"0":7},"b":{},"_coverageSchema":"332fd63041d2c1bcb487cc26dd0d5f7d97098a6c","hash":"a37a08f3fca47df1a85cc64131d8fd3cbfc8487d"}
}
