TN:
SF:/Users/devon-church/Documents/projects/corn-chips/src/index.js
FNF:0
FNH:0
DA:1,3
DA:2,3
DA:3,3
DA:5,3
LF:4
LH:4
BRF:0
BRH:0
end_of_record
TN:
SF:/Users/devon-church/Documents/projects/corn-chips/src/number.js
FN:3,padOutNumber
FN:12,generate
FN:14,(anonymous_2)
FNF:3
FNH:3
FNDA:1,padOutNumber
FNDA:57,generate
FNDA:2,(anonymous_2)
DA:1,3
DA:5,1
DA:6,1
DA:8,1
DA:14,57
DA:16,57
DA:17,56
DA:19,55
DA:20,55
DA:22,55
DA:26,3
LF:11
LH:11
BRDA:12,0,0,1
BRDA:12,1,0,51
BRDA:12,2,0,56
BRDA:14,3,0,2
BRDA:14,3,1,2
BRDA:16,4,0,1
BRDA:16,4,1,56
BRDA:16,5,0,57
BRDA:16,5,1,3
BRDA:17,6,0,1
BRDA:17,6,1,55
BRDA:22,7,0,1
BRDA:22,7,1,54
BRF:13
BRH:13
end_of_record
TN:
SF:/Users/devon-church/Documents/projects/corn-chips/src/tags.js
FN:4,generateRefinedTags
FN:6,(anonymous_1)
FN:10,generateRefinedIndex
FN:35,generateIndexOptions
FN:37,(anonymous_4)
FN:41,generate
FNF:6
FNH:6
FNDA:2,generateRefinedTags
FNDA:15,(anonymous_1)
FNDA:2,generateRefinedIndex
FNDA:2,generateIndexOptions
FNDA:20,(anonymous_4)
FNDA:5,generate
DA:1,3
DA:2,3
DA:6,15
DA:12,2
DA:13,2
DA:15,2
DA:17,15
DA:19,15
DA:21,15
DA:23,15
DA:30,2
DA:37,20
DA:43,5
DA:44,4
DA:45,3
DA:47,2
DA:48,2
DA:49,2
DA:51,2
DA:55,3
LF:20
LH:20
BRDA:15,0,0,17
BRDA:15,0,1,16
BRDA:41,1,0,1
BRDA:41,2,0,1
BRDA:41,3,0,3
BRDA:43,4,0,1
BRDA:43,4,1,4
BRDA:44,5,0,1
BRDA:44,5,1,3
BRDA:45,6,0,1
BRDA:45,6,1,2
BRF:11
BRH:11
end_of_record
TN:
SF:/Users/devon-church/Documents/projects/corn-chips/src/text.js
FN:7,capitaliseFirstLetter
FN:16,generateCharacters
FN:18,(anonymous_2)
FN:28,generateWords
FN:30,(anonymous_4)
FN:40,generate
FN:42,(anonymous_6)
FNF:7
FNH:7
FNDA:2,capitaliseFirstLetter
FNDA:6,generateCharacters
FNDA:33,(anonymous_2)
FNDA:1,generateWords
FNDA:5,(anonymous_4)
FNDA:4,generate
FNDA:2,(anonymous_6)
DA:1,3
DA:2,3
DA:4,3
DA:5,3
DA:9,2
DA:10,2
DA:12,2
DA:18,6
DA:20,33
DA:22,33
DA:30,1
DA:32,5
DA:34,5
DA:42,4
DA:44,4
DA:45,3
DA:47,2
DA:49,2
DA:53,3
LF:19
LH:19
BRDA:40,0,0,1
BRDA:44,1,0,1
BRDA:44,1,1,3
BRDA:44,2,0,4
BRDA:44,2,1,2
BRDA:45,3,0,1
BRDA:45,3,1,2
BRDA:45,4,0,3
BRDA:45,4,1,2
BRDA:47,5,0,1
BRDA:47,5,1,1
BRF:11
BRH:11
end_of_record
TN:
SF:/Users/devon-church/Documents/projects/corn-chips/src/warn.js
FN:1,warn
FNF:1
FNH:1
FNDA:7,warn
DA:3,7
DA:7,3
LF:2
LH:2
BRF:0
BRH:0
end_of_record
