TN:
SF:/Users/devon-church/Documents/projects/corn-chips/src/enrich.js
FN:6,refineKeyWords
FN:20,generate
FNF:2
FNH:2
FNDA:1,refineKeyWords
FNDA:4,generate
DA:1,4
DA:2,4
DA:3,4
DA:4,4
DA:8,1
DA:13,1
DA:22,4
DA:23,3
DA:25,1
DA:26,1
DA:27,1
DA:28,1
DA:29,1
DA:31,1
DA:35,4
LF:15
LH:15
BRDA:20,0,0,1
BRDA:20,1,0,2
BRDA:22,2,0,1
BRDA:22,2,1,3
BRDA:23,3,0,2
BRDA:23,3,1,1
BRDA:23,4,0,3
BRDA:23,4,1,2
BRF:8
BRH:8
end_of_record
TN:
SF:/Users/devon-church/Documents/projects/corn-chips/src/index.js
FNF:0
FNH:0
DA:1,4
DA:2,4
DA:3,4
DA:4,4
DA:6,4
LF:5
LH:5
BRF:0
BRH:0
end_of_record
TN:
SF:/Users/devon-church/Documents/projects/corn-chips/src/number.js
FN:3,padOutNumber
FN:12,generate
FN:14,(anonymous_2)
FNF:3
FNH:3
FNDA:1,padOutNumber
FNDA:79,generate
FNDA:2,(anonymous_2)
DA:1,4
DA:5,1
DA:6,1
DA:8,1
DA:14,79
DA:16,79
DA:17,78
DA:19,77
DA:20,77
DA:22,77
DA:26,4
LF:11
LH:11
BRDA:12,0,0,1
BRDA:12,1,0,72
BRDA:12,2,0,78
BRDA:14,3,0,2
BRDA:14,3,1,2
BRDA:16,4,0,1
BRDA:16,4,1,78
BRDA:16,5,0,79
BRDA:16,5,1,6
BRDA:17,6,0,1
BRDA:17,6,1,77
BRDA:22,7,0,1
BRDA:22,7,1,76
BRF:13
BRH:13
end_of_record
TN:
SF:/Users/devon-church/Documents/projects/corn-chips/src/tags.js
FN:4,generateRefinedTags
FN:6,(anonymous_1)
FN:10,generateRefinedIndex
FN:17,(anonymous_3)
FN:31,(anonymous_4)
FN:37,generateIndexOptions
FN:39,(anonymous_6)
FN:43,generate
FNF:8
FNH:8
FNDA:4,generateRefinedTags
FNDA:30,(anonymous_1)
FNDA:4,generateRefinedIndex
FNDA:35,(anonymous_3)
FNDA:35,(anonymous_4)
FNDA:4,generateIndexOptions
FNDA:35,(anonymous_6)
FNDA:7,generate
DA:1,4
DA:2,4
DA:6,30
DA:12,4
DA:19,35
DA:21,35
DA:31,35
DA:33,4
DA:39,35
DA:45,7
DA:46,6
DA:47,5
DA:49,4
DA:50,4
DA:51,4
DA:53,4
DA:57,4
LF:17
LH:17
BRDA:43,0,0,1
BRDA:43,1,0,1
BRDA:43,2,0,4
BRDA:45,3,0,1
BRDA:45,3,1,6
BRDA:46,4,0,1
BRDA:46,4,1,5
BRDA:47,5,0,1
BRDA:47,5,1,4
BRF:9
BRH:9
end_of_record
TN:
SF:/Users/devon-church/Documents/projects/corn-chips/src/text.js
FN:7,capitaliseFirstLetter
FN:16,generateCharacters
FN:18,(anonymous_2)
FN:28,generateWords
FN:30,(anonymous_4)
FN:40,generate
FN:42,(anonymous_6)
FNF:7
FNH:7
FNDA:3,capitaliseFirstLetter
FNDA:6,generateCharacters
FNDA:34,(anonymous_2)
FNDA:1,generateWords
FNDA:5,(anonymous_4)
FNDA:4,generate
FNDA:2,(anonymous_6)
DA:1,4
DA:2,4
DA:4,4
DA:5,4
DA:9,3
DA:10,3
DA:12,3
DA:18,6
DA:20,34
DA:22,34
DA:30,1
DA:32,5
DA:34,5
DA:42,4
DA:44,4
DA:45,3
DA:47,2
DA:49,2
DA:53,4
LF:19
LH:19
BRDA:40,0,0,1
BRDA:44,1,0,1
BRDA:44,1,1,3
BRDA:44,2,0,4
BRDA:44,2,1,2
BRDA:45,3,0,1
BRDA:45,3,1,2
BRDA:45,4,0,3
BRDA:45,4,1,2
BRDA:47,5,0,1
BRDA:47,5,1,1
BRF:11
BRH:11
end_of_record
TN:
SF:/Users/devon-church/Documents/projects/corn-chips/src/warn.js
FN:1,warn
FNF:1
FNH:1
FNDA:10,warn
DA:3,10
DA:7,4
LF:2
LH:2
BRF:0
BRH:0
end_of_record
